info A dev server is already running for this project on port 8081.
info Installing the app...
> Task :gradle-plugin:settings-plugin:checkKotlinGradlePluginConfigurationErrors SKIPPED
> Task :gradle-plugin:shared:checkKotlinGradlePluginConfigurationErrors SKIPPED
> Task :gradle-plugin:shared:compileKotlin UP-TO-DATE
> Task :gradle-plugin:shared:compileJava NO-SOURCE
> Task :gradle-plugin:shared:processResources NO-SOURCE
> Task :gradle-plugin:shared:classes UP-TO-DATE
> Task :gradle-plugin:shared:jar UP-TO-DATE
> Task :gradle-plugin:settings-plugin:compileKotlin UP-TO-DATE
> Task :gradle-plugin:settings-plugin:compileJava NO-SOURCE
> Task :gradle-plugin:settings-plugin:pluginDescriptors UP-TO-DATE
> Task :gradle-plugin:settings-plugin:processResources UP-TO-DATE
> Task :gradle-plugin:settings-plugin:classes UP-TO-DATE
> Task :gradle-plugin:settings-plugin:jar UP-TO-DATE
> Task :gradle-plugin:react-native-gradle-plugin:checkKotlinGradlePluginConfigurationErrors SKIPPED
> Task :gradle-plugin:react-native-gradle-plugin:compileKotlin UP-TO-DATE
> Task :gradle-plugin:react-native-gradle-plugin:compileJava NO-SOURCE
> Task :gradle-plugin:react-native-gradle-plugin:pluginDescriptors UP-TO-DATE
> Task :gradle-plugin:react-native-gradle-plugin:processResources UP-TO-DATE
> Task :gradle-plugin:react-native-gradle-plugin:classes UP-TO-DATE
> Task :gradle-plugin:react-native-gradle-plugin:jar UP-TO-DATE

> Configure project :react-native-reanimated
Android gradle plugin: 8.12.0
Gradle: 9.0.0

> Task :app:checkKotlinGradlePluginConfigurationErrors SKIPPED
> Task :app:generateAutolinkingNewArchitectureFiles
> Task :app:generateAutolinkingPackageList
> Task :app:generateCodegenSchemaFromJavaScript SKIPPED
> Task :app:generateCodegenArtifactsFromSchema SKIPPED
> Task :app:generateReactNativeEntryPoint
> Task :react-native-async-storage_async-storage:generateCodegenSchemaFromJavaScript
> Task :react-native-async-storage_async-storage:generateCodegenArtifactsFromSchema
> Task :react-native-async-storage_async-storage:preBuild
> Task :react-native-biometrics:preBuild UP-TO-DATE
> Task :react-native-gesture-handler:generateCodegenSchemaFromJavaScript
> Task :react-native-gesture-handler:generateCodegenArtifactsFromSchema
> Task :react-native-gesture-handler:preBuild
> Task :react-native-get-random-values:preBuild UP-TO-DATE

> Task :react-native-keychain:generateCodegenSchemaFromJavaScript

> Task :react-native-keychain:generateCodegenArtifactsFromSchema
> Task :react-native-keychain:preBuild
> Task :react-native-linear-gradient:preBuild UP-TO-DATE
> Task :react-native-reanimated:assertMinimalReactNativeVersionTask SKIPPED
> Task :react-native-reanimated:generateCodegenSchemaFromJavaScript
> Task :react-native-reanimated:generateCodegenArtifactsFromSchema
> Task :react-native-reanimated:prepareReanimatedHeadersForPrefabs
> Task :react-native-reanimated:prepareWorkletsHeadersForPrefabs
> Task :react-native-reanimated:preBuild
> Task :react-native-safe-area-context:generateCodegenSchemaFromJavaScript
> Task :react-native-safe-area-context:generateCodegenArtifactsFromSchema
> Task :react-native-safe-area-context:preBuild
> Task :react-native-screens:generateCodegenSchemaFromJavaScript
> Task :react-native-screens:generateCodegenArtifactsFromSchema
> Task :react-native-screens:preBuild
> Task :react-native-svg:generateCodegenSchemaFromJavaScript
> Task :react-native-svg:generateCodegenArtifactsFromSchema
> Task :react-native-svg:preBuild
> Task :react-native-vector-icons:generateCodegenSchemaFromJavaScript
> Task :react-native-vector-icons:generateCodegenArtifactsFromSchema
> Task :react-native-vector-icons:preBuild
> Task :app:preBuild
> Task :app:preDebugBuild
> Task :app:generateDebugBuildConfig
> Task :react-native-async-storage_async-storage:preDebugBuild
> Task :react-native-biometrics:preDebugBuild UP-TO-DATE
> Task :react-native-async-storage_async-storage:writeDebugAarMetadata
> Task :react-native-gesture-handler:preDebugBuild
> Task :react-native-biometrics:writeDebugAarMetadata
> Task :react-native-get-random-values:preDebugBuild UP-TO-DATE
> Task :react-native-gesture-handler:writeDebugAarMetadata
> Task :react-native-keychain:preDebugBuild
> Task :react-native-get-random-values:writeDebugAarMetadata
> Task :react-native-linear-gradient:preDebugBuild UP-TO-DATE
> Task :react-native-keychain:writeDebugAarMetadata
> Task :react-native-reanimated:preDebugBuild
> Task :react-native-linear-gradient:writeDebugAarMetadata
> Task :react-native-safe-area-context:preDebugBuild
> Task :react-native-reanimated:writeDebugAarMetadata
> Task :react-native-screens:preDebugBuild
> Task :react-native-safe-area-context:writeDebugAarMetadata
> Task :react-native-svg:preDebugBuild
> Task :react-native-screens:writeDebugAarMetadata
> Task :react-native-vector-icons:preDebugBuild
> Task :react-native-svg:writeDebugAarMetadata
> Task :react-native-vector-icons:writeDebugAarMetadata
> Task :app:generateDebugResValues
> Task :react-native-async-storage_async-storage:generateDebugResValues
> Task :react-native-async-storage_async-storage:generateDebugResources
> Task :app:checkDebugAarMetadata
> Task :react-native-async-storage_async-storage:packageDebugResources
> Task :react-native-biometrics:generateDebugResValues
> Task :react-native-biometrics:generateDebugResources
> Task :react-native-biometrics:packageDebugResources
> Task :react-native-gesture-handler:generateDebugResValues
> Task :react-native-gesture-handler:generateDebugResources
> Task :react-native-gesture-handler:packageDebugResources
> Task :react-native-get-random-values:generateDebugResValues
> Task :react-native-get-random-values:generateDebugResources
> Task :react-native-get-random-values:packageDebugResources
> Task :react-native-keychain:generateDebugResValues
> Task :react-native-keychain:generateDebugResources
> Task :react-native-keychain:packageDebugResources
> Task :react-native-linear-gradient:generateDebugResValues
> Task :react-native-linear-gradient:generateDebugResources
> Task :react-native-linear-gradient:packageDebugResources
> Task :react-native-reanimated:generateDebugResValues
> Task :react-native-reanimated:generateDebugResources
> Task :react-native-reanimated:packageDebugResources
> Task :react-native-safe-area-context:generateDebugResValues
> Task :react-native-safe-area-context:generateDebugResources
> Task :react-native-safe-area-context:packageDebugResources
> Task :react-native-screens:generateDebugResValues
> Task :react-native-screens:generateDebugResources
> Task :react-native-screens:packageDebugResources
> Task :react-native-svg:generateDebugResValues
> Task :react-native-svg:generateDebugResources
> Task :react-native-svg:packageDebugResources
> Task :react-native-vector-icons:generateDebugResValues
> Task :react-native-vector-icons:generateDebugResources
> Task :react-native-vector-icons:packageDebugResources
> Task :app:mapDebugSourceSetPaths
> Task :app:generateDebugResources
> Task :app:packageDebugResources
> Task :app:createDebugCompatibleScreenManifests
> Task :app:parseDebugLocalResources
> Task :app:extractDeepLinksDebug
> Task :react-native-async-storage_async-storage:extractDeepLinksDebug
> Task :react-native-biometrics:extractDeepLinksDebug

> Task :react-native-async-storage_async-storage:processDebugManifest
package="com.reactnativecommunity.asyncstorage" found in source AndroidManifest.xml: /Users/umashankar.pathak/Documents/Learn_Node/project/payo-apps/node_modules/@react-native-async-storage/async-storage/android/src/main/AndroidManifest.xml.
Setting the namespace via the package attribute in the source AndroidManifest.xml is no longer supported, and the value is ignored.
Recommendation: remove package="com.reactnativecommunity.asyncstorage" from the source AndroidManifest.xml: /Users/umashankar.pathak/Documents/Learn_Node/project/payo-apps/node_modules/@react-native-async-storage/async-storage/android/src/main/AndroidManifest.xml.

> Task :react-native-gesture-handler:extractDeepLinksDebug

> Task :react-native-biometrics:processDebugManifest
package="com.rnbiometrics" found in source AndroidManifest.xml: /Users/umashankar.pathak/Documents/Learn_Node/project/payo-apps/node_modules/react-native-biometrics/android/src/main/AndroidManifest.xml.
Setting the namespace via the package attribute in the source AndroidManifest.xml is no longer supported, and the value is ignored.
Recommendation: remove package="com.rnbiometrics" from the source AndroidManifest.xml: /Users/umashankar.pathak/Documents/Learn_Node/project/payo-apps/node_modules/react-native-biometrics/android/src/main/AndroidManifest.xml.

> Task :react-native-get-random-values:extractDeepLinksDebug
> Task :react-native-gesture-handler:processDebugManifest
> Task :react-native-keychain:extractDeepLinksDebug

> Task :react-native-get-random-values:processDebugManifest
package="org.linusu" found in source AndroidManifest.xml: /Users/umashankar.pathak/Documents/Learn_Node/project/payo-apps/node_modules/react-native-get-random-values/android/src/main/AndroidManifest.xml.
Setting the namespace via the package attribute in the source AndroidManifest.xml is no longer supported, and the value is ignored.
Recommendation: remove package="org.linusu" from the source AndroidManifest.xml: /Users/umashankar.pathak/Documents/Learn_Node/project/payo-apps/node_modules/react-native-get-random-values/android/src/main/AndroidManifest.xml.

> Task :react-native-linear-gradient:extractDeepLinksDebug

> Task :react-native-keychain:processDebugManifest
package="com.oblador.keychain" found in source AndroidManifest.xml: /Users/umashankar.pathak/Documents/Learn_Node/project/payo-apps/node_modules/react-native-keychain/android/src/main/AndroidManifest.xml.
Setting the namespace via the package attribute in the source AndroidManifest.xml is no longer supported, and the value is ignored.
Recommendation: remove package="com.oblador.keychain" from the source AndroidManifest.xml: /Users/umashankar.pathak/Documents/Learn_Node/project/payo-apps/node_modules/react-native-keychain/android/src/main/AndroidManifest.xml.

> Task :react-native-reanimated:extractDeepLinksDebug

> Task :react-native-linear-gradient:processDebugManifest
package="com.BV.LinearGradient" found in source AndroidManifest.xml: /Users/umashankar.pathak/Documents/Learn_Node/project/payo-apps/node_modules/react-native-linear-gradient/android/src/main/AndroidManifest.xml.
Setting the namespace via the package attribute in the source AndroidManifest.xml is no longer supported, and the value is ignored.
Recommendation: remove package="com.BV.LinearGradient" from the source AndroidManifest.xml: /Users/umashankar.pathak/Documents/Learn_Node/project/payo-apps/node_modules/react-native-linear-gradient/android/src/main/AndroidManifest.xml.

> Task :react-native-safe-area-context:extractDeepLinksDebug
> Task :react-native-reanimated:processDebugManifest
> Task :react-native-screens:extractDeepLinksDebug

> Task :react-native-safe-area-context:processDebugManifest
package="com.th3rdwave.safeareacontext" found in source AndroidManifest.xml: /Users/umashankar.pathak/Documents/Learn_Node/project/payo-apps/node_modules/react-native-safe-area-context/android/src/main/AndroidManifest.xml.
Setting the namespace via the package attribute in the source AndroidManifest.xml is no longer supported, and the value is ignored.
Recommendation: remove package="com.th3rdwave.safeareacontext" from the source AndroidManifest.xml: /Users/umashankar.pathak/Documents/Learn_Node/project/payo-apps/node_modules/react-native-safe-area-context/android/src/main/AndroidManifest.xml.

> Task :react-native-svg:extractDeepLinksDebug
> Task :react-native-screens:processDebugManifest
> Task :react-native-vector-icons:extractDeepLinksDebug
> Task :react-native-svg:processDebugManifest

> Task :react-native-vector-icons:processDebugManifest
package="com.oblador.vectoricons" found in source AndroidManifest.xml: /Users/umashankar.pathak/Documents/Learn_Node/project/payo-apps/node_modules/react-native-vector-icons/android/src/main/AndroidManifest.xml.
Setting the namespace via the package attribute in the source AndroidManifest.xml is no longer supported, and the value is ignored.
Recommendation: remove package="com.oblador.vectoricons" from the source AndroidManifest.xml: /Users/umashankar.pathak/Documents/Learn_Node/project/payo-apps/node_modules/react-native-vector-icons/android/src/main/AndroidManifest.xml.

> Task :react-native-async-storage_async-storage:compileDebugLibraryResources
> Task :app:processDebugMainManifest
> Task :app:processDebugManifest
> Task :app:processDebugManifestForPackage
> Task :react-native-async-storage_async-storage:parseDebugLocalResources
> Task :react-native-biometrics:compileDebugLibraryResources
> Task :react-native-biometrics:parseDebugLocalResources
> Task :react-native-async-storage_async-storage:generateDebugRFile
> Task :react-native-gesture-handler:compileDebugLibraryResources
> Task :react-native-biometrics:generateDebugRFile
> Task :react-native-get-random-values:compileDebugLibraryResources
> Task :react-native-gesture-handler:parseDebugLocalResources
> Task :react-native-get-random-values:parseDebugLocalResources
> Task :react-native-gesture-handler:generateDebugRFile
> Task :react-native-keychain:compileDebugLibraryResources
> Task :react-native-get-random-values:generateDebugRFile
> Task :react-native-keychain:parseDebugLocalResources
> Task :react-native-linear-gradient:compileDebugLibraryResources
> Task :react-native-keychain:generateDebugRFile
> Task :react-native-reanimated:compileDebugLibraryResources
> Task :react-native-linear-gradient:parseDebugLocalResources
> Task :react-native-reanimated:parseDebugLocalResources
> Task :react-native-safe-area-context:compileDebugLibraryResources
> Task :react-native-linear-gradient:generateDebugRFile
> Task :react-native-reanimated:generateDebugRFile
> Task :react-native-safe-area-context:parseDebugLocalResources
> Task :react-native-safe-area-context:generateDebugRFile
> Task :react-native-screens:parseDebugLocalResources
> Task :react-native-svg:compileDebugLibraryResources
> Task :react-native-screens:compileDebugLibraryResources
> Task :app:mergeDebugResources
> Task :react-native-svg:parseDebugLocalResources
> Task :react-native-vector-icons:compileDebugLibraryResources
> Task :react-native-screens:generateDebugRFile
> Task :react-native-svg:generateDebugRFile
> Task :react-native-vector-icons:parseDebugLocalResources
> Task :react-native-async-storage_async-storage:generateDebugBuildConfig
> Task :react-native-async-storage_async-storage:javaPreCompileDebug
> Task :react-native-vector-icons:generateDebugRFile
> Task :react-native-biometrics:generateDebugBuildConfig

> Task :react-native-async-storage_async-storage:compileDebugJavaWithJavac

> Task :react-native-gesture-handler:checkKotlinGradlePluginConfigurationErrors SKIPPED
> Task :react-native-biometrics:javaPreCompileDebug
> Task :react-native-async-storage_async-storage:bundleLibCompileToJarDebug

> Task :react-native-biometrics:compileDebugJavaWithJavac

> Task :react-native-gesture-handler:generateDebugBuildConfig
> Task :react-native-biometrics:bundleLibCompileToJarDebug
> Task :react-native-reanimated:generateDebugBuildConfig
> Task :react-native-reanimated:packageNdkLibs NO-SOURCE
> Task :react-native-reanimated:javaPreCompileDebug
> Task :react-native-svg:generateDebugBuildConfig
> Task :app:processDebugResources

> Task :react-native-reanimated:compileDebugJavaWithJavac FAILED

[Incubating] Problems report is available at: file:///Users/umashankar.pathak/Documents/Learn_Node/project/payo-apps/android/build/reports/problems/problems-report.html

Deprecated Gradle features were used in this build, making it incompatible with Gradle 10.

You can use '--warning-mode all' to show the individual deprecation warnings and determine if they come from your own scripts or plugins.

For more on this, please refer to https://docs.gradle.org/9.0.0/userguide/command_line_interface.html#sec:command_line_warnings in the Gradle documentation.
157 actionable tasks: 147 executed, 10 up-to-date

info 💡 Tip: Make sure that you have set up your development environment correctly, by running npx react-native doctor. To read more about doctor command visit: https://github.com/react-native-community/cli/blob/main/packages/cli-doctor/README.md#doctor 

No modules to process in combine-js-to-schema-cli. If this is unexpected, please check if you set up your NativeComponent correctly. See combine-js-to-schema.js for how codegen finds modules.
Note: Some input files use or override a deprecated API.
Note: Recompile with -Xlint:deprecation for details.
Note: /Users/umashankar.pathak/Documents/Learn_Node/project/payo-apps/node_modules/@react-native-async-storage/async-storage/android/src/javaPackage/java/com/reactnativecommunity/asyncstorage/AsyncStoragePackage.java uses unchecked or unsafe operations.
Note: Recompile with -Xlint:unchecked for details.
Note: Some input files use or override a deprecated API.
Note: Recompile with -Xlint:deprecation for details.
/Users/umashankar.pathak/Documents/Learn_Node/project/payo-apps/node_modules/react-native-reanimated/android/src/main/java/com/swmansion/reanimated/layoutReanimation/ReaLayoutAnimator.java:13: error: package com.facebook.react.uimanager.layoutanimation does not exist
import com.facebook.react.uimanager.layoutanimation.LayoutAnimationController;
                                                   ^
/Users/umashankar.pathak/Documents/Learn_Node/project/payo-apps/node_modules/react-native-reanimated/android/src/main/java/com/swmansion/reanimated/layoutReanimation/ReaLayoutAnimator.java:14: error: package com.facebook.react.uimanager.layoutanimation does not exist
import com.facebook.react.uimanager.layoutanimation.LayoutAnimationListener;
                                                   ^
/Users/umashankar.pathak/Documents/Learn_Node/project/payo-apps/node_modules/react-native-reanimated/android/src/main/java/com/swmansion/reanimated/layoutReanimation/ReaLayoutAnimator.java:19: error: cannot find symbol
class ReaLayoutAnimator extends LayoutAnimationController {
                                ^
  symbol: class LayoutAnimationController
/Users/umashankar.pathak/Documents/Learn_Node/project/payo-apps/node_modules/react-native-reanimated/android/src/main/java/com/swmansion/reanimated/layoutReanimation/ReaLayoutAnimator.java:120: error: cannot find symbol
  public void deleteView(final View view, final LayoutAnimationListener listener) {
                                                ^
  symbol:   class LayoutAnimationListener
  location: class ReaLayoutAnimator
/Users/umashankar.pathak/Documents/Learn_Node/project/payo-apps/node_modules/react-native-reanimated/android/src/main/java/com/swmansion/reanimated/ReanimatedModule.java:13: error: cannot find symbol
import com.facebook.react.uimanager.UIManagerModuleListener;
                                   ^
  symbol:   class UIManagerModuleListener
  location: package com.facebook.react.uimanager
/Users/umashankar.pathak/Documents/Learn_Node/project/payo-apps/node_modules/react-native-reanimated/android/src/main/java/com/swmansion/reanimated/ReanimatedModule.java:21: error: cannot find symbol
    implements LifecycleEventListener, UIManagerModuleListener, UIManagerListener {
                                       ^
  symbol: class UIManagerModuleListener
/Users/umashankar.pathak/Documents/Learn_Node/project/payo-apps/node_modules/react-native-reanimated/android/src/main/java/com/swmansion/reanimated/layoutReanimation/ReaLayoutAnimator.java:44: error: cannot find symbol
      return super.shouldAnimateLayout(viewToAnimate);
             ^
  symbol:   variable super
  location: class ReaLayoutAnimator
/Users/umashankar.pathak/Documents/Learn_Node/project/payo-apps/node_modules/react-native-reanimated/android/src/main/java/com/swmansion/reanimated/layoutReanimation/ReaLayoutAnimator.java:56: error: method does not override or implement a method from a supertype
  @Override
  ^
/Users/umashankar.pathak/Documents/Learn_Node/project/payo-apps/node_modules/react-native-reanimated/android/src/main/java/com/swmansion/reanimated/layoutReanimation/ReaLayoutAnimator.java:58: error: cannot find symbol
    super.reset();
    ^
  symbol:   variable super
  location: class ReaLayoutAnimator
/Users/umashankar.pathak/Documents/Learn_Node/project/payo-apps/node_modules/react-native-reanimated/android/src/main/java/com/swmansion/reanimated/layoutReanimation/ReaLayoutAnimator.java:85: error: cannot find symbol
      super.applyLayoutUpdate(view, x, y, width, height);
      ^
  symbol:   variable super
  location: class ReaLayoutAnimator
/Users/umashankar.pathak/Documents/Learn_Node/project/payo-apps/node_modules/react-native-reanimated/android/src/main/java/com/swmansion/reanimated/layoutReanimation/ReaLayoutAnimator.java:95: error: cannot find symbol
        super.applyLayoutUpdate(view, x, y, width, height);
        ^
  symbol:   variable super
  location: class ReaLayoutAnimator
/Users/umashankar.pathak/Documents/Learn_Node/project/payo-apps/node_modules/react-native-reanimated/android/src/main/java/com/swmansion/reanimated/layoutReanimation/ReaLayoutAnimator.java:122: error: cannot find symbol
      super.deleteView(view, listener);
      ^
  symbol:   variable super
  location: class ReaLayoutAnimator
/Users/umashankar.pathak/Documents/Learn_Node/project/payo-apps/node_modules/react-native-reanimated/android/src/main/java/com/swmansion/reanimated/layoutReanimation/ReaLayoutAnimator.java:134: error: cannot find symbol
      super.deleteView(view, listener);
      ^
  symbol:   variable super
  location: class ReaLayoutAnimator
/Users/umashankar.pathak/Documents/Learn_Node/project/payo-apps/node_modules/react-native-reanimated/android/src/main/java/com/swmansion/reanimated/layoutReanimation/ReaLayoutAnimator.java:152: error: cannot find symbol
        super.deleteView(view, listener);
        ^
  symbol:   variable super
  location: class ReaLayoutAnimator
/Users/umashankar.pathak/Documents/Learn_Node/project/payo-apps/node_modules/react-native-reanimated/android/src/main/java/com/swmansion/reanimated/layoutReanimation/ReaLayoutAnimator.java:158: error: cannot find symbol
        super.deleteView(view, listener);
        ^
  symbol:   variable super
  location: class ReaLayoutAnimator
/Users/umashankar.pathak/Documents/Learn_Node/project/payo-apps/node_modules/react-native-reanimated/android/src/main/java/com/swmansion/reanimated/layoutReanimation/ReanimatedUIManager.java:25: error: cannot find symbol
    super.onBatchComplete();
         ^
  symbol: method onBatchComplete()
/Users/umashankar.pathak/Documents/Learn_Node/project/payo-apps/node_modules/react-native-reanimated/android/src/main/java/com/swmansion/reanimated/ReanimatedModule.java:95: error: cannot find symbol
      uiManager.addUIManagerListener(this);
               ^
  symbol:   method addUIManagerListener(ReanimatedModule)
  location: variable uiManager of type UIManagerModule
/Users/umashankar.pathak/Documents/Learn_Node/project/payo-apps/node_modules/react-native-reanimated/android/src/main/java/com/swmansion/reanimated/ReanimatedModule.java:97: error: cannot find symbol
          Utils.combineRunnables(mUnsubscribe, () -> uiManager.removeUIManagerListener(this));
                                                              ^
  symbol:   method removeUIManagerListener(ReanimatedModule)
  location: variable uiManager of type UIManagerModule
/Users/umashankar.pathak/Documents/Learn_Node/project/payo-apps/node_modules/react-native-reanimated/android/src/main/java/com/swmansion/reanimated/ReanimatedModule.java:123: error: method does not override or implement a method from a supertype
  @Override
  ^
Note: Some input files use or override a deprecated API.
Note: Recompile with -Xlint:deprecation for details.
Note: Some input files use unchecked or unsafe operations.
Note: Recompile with -Xlint:unchecked for details.
19 errors

FAILURE: Build failed with an exception.

* What went wrong:
Execution failed for task ':react-native-reanimated:compileDebugJavaWithJavac'.
> Compilation failed; see the compiler output below.
  /Users/umashankar.pathak/Documents/Learn_Node/project/payo-apps/node_modules/react-native-reanimated/android/src/main/java/com/swmansion/reanimated/layoutReanimation/ReanimatedUIManager.java:25: error: cannot find symbol
      super.onBatchComplete();
           ^
    symbol: method onBatchComplete()
  Note: Recompile with -Xlint:deprecation for details.
  /Users/umashankar.pathak/Documents/Learn_Node/project/payo-apps/node_modules/react-native-reanimated/android/src/main/java/com/swmansion/reanimated/layoutReanimation/ReaLayoutAnimator.java:120: error: cannot find symbol
    public void deleteView(final View view, final LayoutAnimationListener listener) {
                                                  ^
    symbol:   class LayoutAnimationListener
    location: class ReaLayoutAnimator
  /Users/umashankar.pathak/Documents/Learn_Node/project/payo-apps/node_modules/react-native-reanimated/android/src/main/java/com/swmansion/reanimated/ReanimatedModule.java:13: error: cannot find symbol
  import com.facebook.react.uimanager.UIManagerModuleListener;
                                     ^
    symbol:   class UIManagerModuleListener
    location: package com.facebook.react.uimanager
  /Users/umashankar.pathak/Documents/Learn_Node/project/payo-apps/node_modules/react-native-reanimated/android/src/main/java/com/swmansion/reanimated/layoutReanimation/ReaLayoutAnimator.java:44: error: cannot find symbol
        return super.shouldAnimateLayout(viewToAnimate);
               ^
    symbol:   variable super
    location: class ReaLayoutAnimator
  /Users/umashankar.pathak/Documents/Learn_Node/project/payo-apps/node_modules/react-native-reanimated/android/src/main/java/com/swmansion/reanimated/layoutReanimation/ReaLayoutAnimator.java:58: error: cannot find symbol
      super.reset();
      ^
    symbol:   variable super
    location: class ReaLayoutAnimator
  /Users/umashankar.pathak/Documents/Learn_Node/project/payo-apps/node_modules/react-native-reanimated/android/src/main/java/com/swmansion/reanimated/layoutReanimation/ReaLayoutAnimator.java:85: error: cannot find symbol
        super.applyLayoutUpdate(view, x, y, width, height);
        ^
    symbol:   variable super
    location: class ReaLayoutAnimator
  /Users/umashankar.pathak/Documents/Learn_Node/project/payo-apps/node_modules/react-native-reanimated/android/src/main/java/com/swmansion/reanimated/layoutReanimation/ReaLayoutAnimator.java:95: error: cannot find symbol
          super.applyLayoutUpdate(view, x, y, width, height);
          ^
    symbol:   variable super
    location: class ReaLayoutAnimator
  /Users/umashankar.pathak/Documents/Learn_Node/project/payo-apps/node_modules/react-native-reanimated/android/src/main/java/com/swmansion/reanimated/layoutReanimation/ReaLayoutAnimator.java:122: error: cannot find symbol
        super.deleteView(view, listener);
        ^
    symbol:   variable super
    location: class ReaLayoutAnimator
  /Users/umashankar.pathak/Documents/Learn_Node/project/payo-apps/node_modules/react-native-reanimated/android/src/main/java/com/swmansion/reanimated/layoutReanimation/ReaLayoutAnimator.java:134: error: cannot find symbol
        super.deleteView(view, listener);
        ^
    symbol:   variable super
    location: class ReaLayoutAnimator
  /Users/umashankar.pathak/Documents/Learn_Node/project/payo-apps/node_modules/react-native-reanimated/android/src/main/java/com/swmansion/reanimated/layoutReanimation/ReaLayoutAnimator.java:152: error: cannot find symbol
          super.deleteView(view, listener);
          ^
    symbol:   variable super
    location: class ReaLayoutAnimator
  /Users/umashankar.pathak/Documents/Learn_Node/project/payo-apps/node_modules/react-native-reanimated/android/src/main/java/com/swmansion/reanimated/layoutReanimation/ReaLayoutAnimator.java:158: error: cannot find symbol
          super.deleteView(view, listener);
          ^
    symbol:   variable super
    location: class ReaLayoutAnimator
  Note: Recompile with -Xlint:unchecked for details.
  Note: Some input files use or override a deprecated API.
  /Users/umashankar.pathak/Documents/Learn_Node/project/payo-apps/node_modules/react-native-reanimated/android/src/main/java/com/swmansion/reanimated/layoutReanimation/ReaLayoutAnimator.java:56: error: method does not override or implement a method from a supertype
    @Override
    ^
  /Users/umashankar.pathak/Documents/Learn_Node/project/payo-apps/node_modules/react-native-reanimated/android/src/main/java/com/swmansion/reanimated/ReanimatedModule.java:123: error: method does not override or implement a method from a supertype
    @Override
    ^
  /Users/umashankar.pathak/Documents/Learn_Node/project/payo-apps/node_modules/react-native-reanimated/android/src/main/java/com/swmansion/reanimated/layoutReanimation/ReaLayoutAnimator.java:19: error: cannot find symbol
  class ReaLayoutAnimator extends LayoutAnimationController {
                                  ^
    symbol: class LayoutAnimationController
  /Users/umashankar.pathak/Documents/Learn_Node/project/payo-apps/node_modules/react-native-reanimated/android/src/main/java/com/swmansion/reanimated/ReanimatedModule.java:21: error: cannot find symbol
      implements LifecycleEventListener, UIManagerModuleListener, UIManagerListener {
                                         ^
    symbol: class UIManagerModuleListener
  Note: Some input files use unchecked or unsafe operations.
  /Users/umashankar.pathak/Documents/Learn_Node/project/payo-apps/node_modules/react-native-reanimated/android/src/main/java/com/swmansion/reanimated/ReanimatedModule.java:95: error: cannot find symbol
        uiManager.addUIManagerListener(this);
                 ^
    symbol:   method addUIManagerListener(ReanimatedModule)
    location: variable uiManager of type UIManagerModule
  /Users/umashankar.pathak/Documents/Learn_Node/project/payo-apps/node_modules/react-native-reanimated/android/src/main/java/com/swmansion/reanimated/ReanimatedModule.java:97: error: cannot find symbol
            Utils.combineRunnables(mUnsubscribe, () -> uiManager.removeUIManagerListener(this));
                                                                ^
    symbol:   method removeUIManagerListener(ReanimatedModule)
    location: variable uiManager of type UIManagerModule
  /Users/umashankar.pathak/Documents/Learn_Node/project/payo-apps/node_modules/react-native-reanimated/android/src/main/java/com/swmansion/reanimated/layoutReanimation/ReaLayoutAnimator.java:13: error: package com.facebook.react.uimanager.layoutanimation does not exist
  import com.facebook.react.uimanager.layoutanimation.LayoutAnimationController;
                                                     ^
  /Users/umashankar.pathak/Documents/Learn_Node/project/payo-apps/node_modules/react-native-reanimated/android/src/main/java/com/swmansion/reanimated/layoutReanimation/ReaLayoutAnimator.java:14: error: package com.facebook.react.uimanager.layoutanimation does not exist
  import com.facebook.react.uimanager.layoutanimation.LayoutAnimationListener;
                                                     ^
  19 errors

* Try:
> Check your code and dependencies to fix the compilation error(s)
> Run with --scan to generate a Build Scan (Powered by Develocity).

BUILD FAILED in 4s
error Failed to install the app. Command failed with exit code 1: ./gradlew app:installDebug -PreactNativeDevServerPort=8081
No modules to process in combine-js-to-schema-cli. If this is unexpected, please check if you set up your NativeComponent correctly. See combine-js-to-schema.js for how codegen finds modules.
Note: Some input files use or override a deprecated API.
Note: Recompile with -Xlint:deprecation for details.
Note: /Users/umashankar.pathak/Documents/Learn_Node/project/payo-apps/node_modules/@react-native-async-storage/async-storage/android/src/javaPackage/java/com/reactnativecommunity/asyncstorage/AsyncStoragePackage.java uses unchecked or unsafe operations.
Note: Recompile with -Xlint:unchecked for details.
Note: Some input files use or override a deprecated API.
Note: Recompile with -Xlint:deprecation for details.
/Users/umashankar.pathak/Documents/Learn_Node/project/payo-apps/node_modules/react-native-reanimated/android/src/main/java/com/swmansion/reanimated/layoutReanimation/ReaLayoutAnimator.java:13: error: package com.facebook.react.uimanager.layoutanimation does not exist
import com.facebook.react.uimanager.layoutanimation.LayoutAnimationController; ^
/Users/umashankar.pathak/Documents/Learn_Node/project/payo-apps/node_modules/react-native-reanimated/android/src/main/java/com/swmansion/reanimated/layoutReanimation/ReaLayoutAnimator.java:14: error: package com.facebook.react.uimanager.layoutanimation does not exist
import com.facebook.react.uimanager.layoutanimation.LayoutAnimationListener; ^
/Users/umashankar.pathak/Documents/Learn_Node/project/payo-apps/node_modules/react-native-reanimated/android/src/main/java/com/swmansion/reanimated/layoutReanimation/ReaLayoutAnimator.java:19: error: cannot find symbol
class ReaLayoutAnimator extends LayoutAnimationController { ^ symbol: class LayoutAnimationController
/Users/umashankar.pathak/Documents/Learn_Node/project/payo-apps/node_modules/react-native-reanimated/android/src/main/java/com/swmansion/reanimated/layoutReanimation/ReaLayoutAnimator.java:120: error: cannot find symbol public void deleteView(final View view, final LayoutAnimationListener listener) { ^ symbol: class LayoutAnimationListener location: class ReaLayoutAnimator
/Users/umashankar.pathak/Documents/Learn_Node/project/payo-apps/node_modules/react-native-reanimated/android/src/main/java/com/swmansion/reanimated/ReanimatedModule.java:13: error: cannot find symbol
import com.facebook.react.uimanager.UIManagerModuleListener; ^ symbol: class UIManagerModuleListener location: package com.facebook.react.uimanager
/Users/umashankar.pathak/Documents/Learn_Node/project/payo-apps/node_modules/react-native-reanimated/android/src/main/java/com/swmansion/reanimated/ReanimatedModule.java:21: error: cannot find symbol implements LifecycleEventListener, UIManagerModuleListener, UIManagerListener { ^ symbol: class UIManagerModuleListener
/Users/umashankar.pathak/Documents/Learn_Node/project/payo-apps/node_modules/react-native-reanimated/android/src/main/java/com/swmansion/reanimated/layoutReanimation/ReaLayoutAnimator.java:44: error: cannot find symbol return super.shouldAnimateLayout(viewToAnimate); ^ symbol: variable super location: class ReaLayoutAnimator
/Users/umashankar.pathak/Documents/Learn_Node/project/payo-apps/node_modules/react-native-reanimated/android/src/main/java/com/swmansion/reanimated/layoutReanimation/ReaLayoutAnimator.java:56: error: method does not override or implement a method from a supertype @Override ^
/Users/umashankar.pathak/Documents/Learn_Node/project/payo-apps/node_modules/react-native-reanimated/android/src/main/java/com/swmansion/reanimated/layoutReanimation/ReaLayoutAnimator.java:58: error: cannot find symbol super.reset(); ^ symbol: variable super location: class ReaLayoutAnimator
/Users/umashankar.pathak/Documents/Learn_Node/project/payo-apps/node_modules/react-native-reanimated/android/src/main/java/com/swmansion/reanimated/layoutReanimation/ReaLayoutAnimator.java:85: error: cannot find symbol super.applyLayoutUpdate(view, x, y, width, height); ^ symbol: variable super location: class ReaLayoutAnimator
/Users/umashankar.pathak/Documents/Learn_Node/project/payo-apps/node_modules/react-native-reanimated/android/src/main/java/com/swmansion/reanimated/layoutReanimation/ReaLayoutAnimator.java:95: error: cannot find symbol super.applyLayoutUpdate(view, x, y, width, height); ^ symbol: variable super location: class ReaLayoutAnimator
/Users/umashankar.pathak/Documents/Learn_Node/project/payo-apps/node_modules/react-native-reanimated/android/src/main/java/com/swmansion/reanimated/layoutReanimation/ReaLayoutAnimator.java:122: error: cannot find symbol super.deleteView(view, listener); ^ symbol: variable super location: class ReaLayoutAnimator
/Users/umashankar.pathak/Documents/Learn_Node/project/payo-apps/node_modules/react-native-reanimated/android/src/main/java/com/swmansion/reanimated/layoutReanimation/ReaLayoutAnimator.java:134: error: cannot find symbol super.deleteView(view, listener); ^ symbol: variable super location: class ReaLayoutAnimator
/Users/umashankar.pathak/Documents/Learn_Node/project/payo-apps/node_modules/react-native-reanimated/android/src/main/java/com/swmansion/reanimated/layoutReanimation/ReaLayoutAnimator.java:152: error: cannot find symbol super.deleteView(view, listener); ^ symbol: variable super location: class ReaLayoutAnimator
/Users/umashankar.pathak/Documents/Learn_Node/project/payo-apps/node_modules/react-native-reanimated/android/src/main/java/com/swmansion/reanimated/layoutReanimation/ReaLayoutAnimator.java:158: error: cannot find symbol super.deleteView(view, listener); ^ symbol: variable super location: class ReaLayoutAnimator
/Users/umashankar.pathak/Documents/Learn_Node/project/payo-apps/node_modules/react-native-reanimated/android/src/main/java/com/swmansion/reanimated/layoutReanimation/ReanimatedUIManager.java:25: error: cannot find symbol super.onBatchComplete(); ^ symbol: method onBatchComplete()
/Users/umashankar.pathak/Documents/Learn_Node/project/payo-apps/node_modules/react-native-reanimated/android/src/main/java/com/swmansion/reanimated/ReanimatedModule.java:95: error: cannot find symbol uiManager.addUIManagerListener(this); ^ symbol: method addUIManagerListener(ReanimatedModule) location: variable uiManager of type UIManagerModule
/Users/umashankar.pathak/Documents/Learn_Node/project/payo-apps/node_modules/react-native-reanimated/android/src/main/java/com/swmansion/reanimated/ReanimatedModule.java:97: error: cannot find symbol Utils.combineRunnables(mUnsubscribe, () -> uiManager.removeUIManagerListener(this)); ^ symbol: method removeUIManagerListener(ReanimatedModule) location: variable uiManager of type UIManagerModule
/Users/umashankar.pathak/Documents/Learn_Node/project/payo-apps/node_modules/react-native-reanimated/android/src/main/java/com/swmansion/reanimated/ReanimatedModule.java:123: error: method does not override or implement a method from a supertype @Override ^
Note: Some input files use or override a deprecated API.
Note: Recompile with -Xlint:deprecation for details.
Note: Some input files use unchecked or unsafe operations.
Note: Recompile with -Xlint:unchecked for details.
19 errors FAILURE: Build failed with an exception. * What went wrong:
Execution failed for task ':react-native-reanimated:compileDebugJavaWithJavac'.
> Compilation failed; see the compiler output below. /Users/umashankar.pathak/Documents/Learn_Node/project/payo-apps/node_modules/react-native-reanimated/android/src/main/java/com/swmansion/reanimated/layoutReanimation/ReanimatedUIManager.java:25: error: cannot find symbol super.onBatchComplete(); ^ symbol: method onBatchComplete() Note: Recompile with -Xlint:deprecation for details. /Users/umashankar.pathak/Documents/Learn_Node/project/payo-apps/node_modules/react-native-reanimated/android/src/main/java/com/swmansion/reanimated/layoutReanimation/ReaLayoutAnimator.java:120: error: cannot find symbol public void deleteView(final View view, final LayoutAnimationListener listener) { ^ symbol: class LayoutAnimationListener location: class ReaLayoutAnimator /Users/umashankar.pathak/Documents/Learn_Node/project/payo-apps/node_modules/react-native-reanimated/android/src/main/java/com/swmansion/reanimated/ReanimatedModule.java:13: error: cannot find symbol import com.facebook.react.uimanager.UIManagerModuleListener; ^ symbol: class UIManagerModuleListener location: package com.facebook.react.uimanager /Users/umashankar.pathak/Documents/Learn_Node/project/payo-apps/node_modules/react-native-reanimated/android/src/main/java/com/swmansion/reanimated/layoutReanimation/ReaLayoutAnimator.java:44: error: cannot find symbol return super.shouldAnimateLayout(viewToAnimate); ^ symbol: variable super location: class ReaLayoutAnimator /Users/umashankar.pathak/Documents/Learn_Node/project/payo-apps/node_modules/react-native-reanimated/android/src/main/java/com/swmansion/reanimated/layoutReanimation/ReaLayoutAnimator.java:58: error: cannot find symbol super.reset(); ^ symbol: variable super location: class ReaLayoutAnimator /Users/umashankar.pathak/Documents/Learn_Node/project/payo-apps/node_modules/react-native-reanimated/android/src/main/java/com/swmansion/reanimated/layoutReanimation/ReaLayoutAnimator.java:85: error: cannot find symbol super.applyLayoutUpdate(view, x, y, width, height); ^ symbol: variable super location: class ReaLayoutAnimator /Users/umashankar.pathak/Documents/Learn_Node/project/payo-apps/node_modules/react-native-reanimated/android/src/main/java/com/swmansion/reanimated/layoutReanimation/ReaLayoutAnimator.java:95: error: cannot find symbol super.applyLayoutUpdate(view, x, y, width, height); ^ symbol: variable super location: class ReaLayoutAnimator /Users/umashankar.pathak/Documents/Learn_Node/project/payo-apps/node_modules/react-native-reanimated/android/src/main/java/com/swmansion/reanimated/layoutReanimation/ReaLayoutAnimator.java:122: error: cannot find symbol super.deleteView(view, listener); ^ symbol: variable super location: class ReaLayoutAnimator /Users/umashankar.pathak/Documents/Learn_Node/project/payo-apps/node_modules/react-native-reanimated/android/src/main/java/com/swmansion/reanimated/layoutReanimation/ReaLayoutAnimator.java:134: error: cannot find symbol super.deleteView(view, listener); ^ symbol: variable super location: class ReaLayoutAnimator /Users/umashankar.pathak/Documents/Learn_Node/project/payo-apps/node_modules/react-native-reanimated/android/src/main/java/com/swmansion/reanimated/layoutReanimation/ReaLayoutAnimator.java:152: error: cannot find symbol super.deleteView(view, listener); ^ symbol: variable super location: class ReaLayoutAnimator /Users/umashankar.pathak/Documents/Learn_Node/project/payo-apps/node_modules/react-native-reanimated/android/src/main/java/com/swmansion/reanimated/layoutReanimation/ReaLayoutAnimator.java:158: error: cannot find symbol super.deleteView(view, listener); ^ symbol: variable super location: class ReaLayoutAnimator Note: Recompile with -Xlint:unchecked for details. Note: Some input files use or override a deprecated API. /Users/umashankar.pathak/Documents/Learn_Node/project/payo-apps/node_modules/react-native-reanimated/android/src/main/java/com/swmansion/reanimated/layoutReanimation/ReaLayoutAnimator.java:56: error: method does not override or implement a method from a supertype @Override ^ /Users/umashankar.pathak/Documents/Learn_Node/project/payo-apps/node_modules/react-native-reanimated/android/src/main/java/com/swmansion/reanimated/ReanimatedModule.java:123: error: method does not override or implement a method from a supertype @Override ^ /Users/umashankar.pathak/Documents/Learn_Node/project/payo-apps/node_modules/react-native-reanimated/android/src/main/java/com/swmansion/reanimated/layoutReanimation/ReaLayoutAnimator.java:19: error: cannot find symbol class ReaLayoutAnimator extends LayoutAnimationController { ^ symbol: class LayoutAnimationController /Users/umashankar.pathak/Documents/Learn_Node/project/payo-apps/node_modules/react-native-reanimated/android/src/main/java/com/swmansion/reanimated/ReanimatedModule.java:21: error: cannot find symbol implements LifecycleEventListener, UIManagerModuleListener, UIManagerListener { ^ symbol: class UIManagerModuleListener Note: Some input files use unchecked or unsafe operations. /Users/umashankar.pathak/Documents/Learn_Node/project/payo-apps/node_modules/react-native-reanimated/android/src/main/java/com/swmansion/reanimated/ReanimatedModule.java:95: error: cannot find symbol uiManager.addUIManagerListener(this); ^ symbol: method addUIManagerListener(ReanimatedModule) location: variable uiManager of type UIManagerModule /Users/umashankar.pathak/Documents/Learn_Node/project/payo-apps/node_modules/react-native-reanimated/android/src/main/java/com/swmansion/reanimated/ReanimatedModule.java:97: error: cannot find symbol Utils.combineRunnables(mUnsubscribe, () -> uiManager.removeUIManagerListener(this)); ^ symbol: method removeUIManagerListener(ReanimatedModule) location: variable uiManager of type UIManagerModule /Users/umashankar.pathak/Documents/Learn_Node/project/payo-apps/node_modules/react-native-reanimated/android/src/main/java/com/swmansion/reanimated/layoutReanimation/ReaLayoutAnimator.java:13: error: package com.facebook.react.uimanager.layoutanimation does not exist import com.facebook.react.uimanager.layoutanimation.LayoutAnimationController; ^ /Users/umashankar.pathak/Documents/Learn_Node/project/payo-apps/node_modules/react-native-reanimated/android/src/main/java/com/swmansion/reanimated/layoutReanimation/ReaLayoutAnimator.java:14: error: package com.facebook.react.uimanager.layoutanimation does not exist import com.facebook.react.uimanager.layoutanimation.LayoutAnimationListener; ^ 19 errors * Try:
> Check your code and dependencies to fix the compilation error(s)
> Run with --scan to generate a Build Scan (Powered by Develocity). BUILD FAILED in 4s.
info Run CLI with --verbose flag for more details.
